{"C:\\Users\\Ronald Levida\\user_management\\controllers\\userController.js": {"path":"C:\\Users\\Ronald Levida\\user_management\\controllers\\userController.js","statementMap":{"0":{"start":{"line":1,"column":11},"end":{"line":1,"column":38}},"1":{"start":{"line":2,"column":17},"end":{"line":2,"column":145}},"2":{"start":{"line":4,"column":12},"end":{"line":6,"column":1}},"3":{"start":{"line":5,"column":4},"end":{"line":5,"column":23}},"4":{"start":{"line":8,"column":16},"end":{"line":19,"column":1}},"5":{"start":{"line":9,"column":21},"end":{"line":9,"column":29}},"6":{"start":{"line":10,"column":33},"end":{"line":10,"column":61}},"7":{"start":{"line":11,"column":4},"end":{"line":18,"column":5}},"8":{"start":{"line":12,"column":8},"end":{"line":12,"column":49}},"9":{"start":{"line":14,"column":24},"end":{"line":14,"column":43}},"10":{"start":{"line":15,"column":8},"end":{"line":15,"column":40}},"11":{"start":{"line":16,"column":8},"end":{"line":16,"column":26}},"12":{"start":{"line":17,"column":8},"end":{"line":17,"column":22}},"13":{"start":{"line":20,"column":19},"end":{"line":30,"column":1}},"14":{"start":{"line":21,"column":15},"end":{"line":21,"column":28}},"15":{"start":{"line":22,"column":21},"end":{"line":22,"column":29}},"16":{"start":{"line":23,"column":23},"end":{"line":23,"column":63}},"17":{"start":{"line":23,"column":43},"end":{"line":23,"column":62}},"18":{"start":{"line":24,"column":4},"end":{"line":29,"column":5}},"19":{"start":{"line":25,"column":8},"end":{"line":25,"column":56}},"20":{"start":{"line":26,"column":8},"end":{"line":26,"column":22}},"21":{"start":{"line":28,"column":8},"end":{"line":28,"column":59}},"22":{"start":{"line":32,"column":19},"end":{"line":41,"column":1}},"23":{"start":{"line":33,"column":15},"end":{"line":33,"column":28}},"24":{"start":{"line":34,"column":23},"end":{"line":34,"column":63}},"25":{"start":{"line":34,"column":43},"end":{"line":34,"column":62}},"26":{"start":{"line":35,"column":4},"end":{"line":40,"column":5}},"27":{"start":{"line":36,"column":8},"end":{"line":36,"column":53}},"28":{"start":{"line":36,"column":33},"end":{"line":36,"column":52}},"29":{"start":{"line":37,"column":8},"end":{"line":37,"column":22}},"30":{"start":{"line":39,"column":8},"end":{"line":39,"column":59}},"31":{"start":{"line":43,"column":18},"end":{"line":50,"column":1}},"32":{"start":{"line":44,"column":18},"end":{"line":44,"column":20}},"33":{"start":{"line":45,"column":4},"end":{"line":45,"column":40}},"34":{"start":{"line":46,"column":4},"end":{"line":46,"column":42}},"35":{"start":{"line":47,"column":4},"end":{"line":47,"column":40}},"36":{"start":{"line":48,"column":4},"end":{"line":48,"column":34}},"37":{"start":{"line":49,"column":4},"end":{"line":49,"column":18}},"38":{"start":{"line":52,"column":27},"end":{"line":75,"column":1}},"39":{"start":{"line":53,"column":4},"end":{"line":59,"column":5}},"40":{"start":{"line":54,"column":8},"end":{"line":54,"column":63}},"41":{"start":{"line":55,"column":11},"end":{"line":59,"column":5}},"42":{"start":{"line":56,"column":8},"end":{"line":56,"column":24}},"43":{"start":{"line":57,"column":8},"end":{"line":57,"column":36}},"44":{"start":{"line":58,"column":8},"end":{"line":58,"column":60}},"45":{"start":{"line":60,"column":23},"end":{"line":60,"column":51}},"46":{"start":{"line":61,"column":4},"end":{"line":63,"column":5}},"47":{"start":{"line":62,"column":8},"end":{"line":62,"column":63}},"48":{"start":{"line":64,"column":23},"end":{"line":64,"column":51}},"49":{"start":{"line":65,"column":4},"end":{"line":67,"column":5}},"50":{"start":{"line":66,"column":8},"end":{"line":66,"column":66}},"51":{"start":{"line":68,"column":26},"end":{"line":68,"column":60}},"52":{"start":{"line":69,"column":4},"end":{"line":71,"column":5}},"53":{"start":{"line":70,"column":8},"end":{"line":70,"column":69}},"54":{"start":{"line":73,"column":4},"end":{"line":73,"column":41}},"55":{"start":{"line":76,"column":21},"end":{"line":97,"column":1}},"56":{"start":{"line":77,"column":4},"end":{"line":78,"column":21}},"57":{"start":{"line":78,"column":8},"end":{"line":78,"column":21}},"58":{"start":{"line":80,"column":4},"end":{"line":81,"column":21}},"59":{"start":{"line":81,"column":8},"end":{"line":81,"column":21}},"60":{"start":{"line":83,"column":16},"end":{"line":83,"column":38}},"61":{"start":{"line":84,"column":4},"end":{"line":85,"column":21}},"62":{"start":{"line":85,"column":8},"end":{"line":85,"column":21}},"63":{"start":{"line":88,"column":16},"end":{"line":88,"column":32}},"64":{"start":{"line":89,"column":4},"end":{"line":90,"column":21}},"65":{"start":{"line":90,"column":8},"end":{"line":90,"column":21}},"66":{"start":{"line":92,"column":22},"end":{"line":92,"column":41}},"67":{"start":{"line":93,"column":4},"end":{"line":94,"column":21}},"68":{"start":{"line":93,"column":43},"end":{"line":93,"column":67}},"69":{"start":{"line":94,"column":8},"end":{"line":94,"column":21}},"70":{"start":{"line":96,"column":4},"end":{"line":96,"column":16}},"71":{"start":{"line":98,"column":21},"end":{"line":104,"column":1}},"72":{"start":{"line":99,"column":23},"end":{"line":99,"column":58}},"73":{"start":{"line":99,"column":40},"end":{"line":99,"column":57}},"74":{"start":{"line":100,"column":4},"end":{"line":102,"column":5}},"75":{"start":{"line":101,"column":8},"end":{"line":101,"column":19}},"76":{"start":{"line":103,"column":4},"end":{"line":103,"column":16}},"77":{"start":{"line":105,"column":24},"end":{"line":111,"column":1}},"78":{"start":{"line":106,"column":26},"end":{"line":106,"column":67}},"79":{"start":{"line":106,"column":43},"end":{"line":106,"column":66}},"80":{"start":{"line":107,"column":4},"end":{"line":109,"column":5}},"81":{"start":{"line":108,"column":8},"end":{"line":108,"column":19}},"82":{"start":{"line":110,"column":4},"end":{"line":110,"column":16}},"83":{"start":{"line":112,"column":17},"end":{"line":115,"column":1}},"84":{"start":{"line":113,"column":14},"end":{"line":113,"column":43}},"85":{"start":{"line":113,"column":37},"end":{"line":113,"column":41}},"86":{"start":{"line":114,"column":4},"end":{"line":114,"column":18}},"87":{"start":{"line":116,"column":14},"end":{"line":118,"column":1}},"88":{"start":{"line":117,"column":4},"end":{"line":117,"column":15}},"89":{"start":{"line":119,"column":0},"end":{"line":119,"column":57}}},"fnMap":{"0":{"name":"(anonymous_0)","decl":{"start":{"line":4,"column":12},"end":{"line":4,"column":13}},"loc":{"start":{"line":4,"column":24},"end":{"line":6,"column":1}},"line":4},"1":{"name":"(anonymous_1)","decl":{"start":{"line":8,"column":16},"end":{"line":8,"column":17}},"loc":{"start":{"line":8,"column":30},"end":{"line":19,"column":1}},"line":8},"2":{"name":"(anonymous_2)","decl":{"start":{"line":20,"column":19},"end":{"line":20,"column":20}},"loc":{"start":{"line":20,"column":33},"end":{"line":30,"column":1}},"line":20},"3":{"name":"(anonymous_3)","decl":{"start":{"line":23,"column":38},"end":{"line":23,"column":39}},"loc":{"start":{"line":23,"column":43},"end":{"line":23,"column":62}},"line":23},"4":{"name":"(anonymous_4)","decl":{"start":{"line":32,"column":19},"end":{"line":32,"column":20}},"loc":{"start":{"line":32,"column":33},"end":{"line":41,"column":1}},"line":32},"5":{"name":"(anonymous_5)","decl":{"start":{"line":34,"column":38},"end":{"line":34,"column":39}},"loc":{"start":{"line":34,"column":43},"end":{"line":34,"column":62}},"line":34},"6":{"name":"(anonymous_6)","decl":{"start":{"line":36,"column":28},"end":{"line":36,"column":29}},"loc":{"start":{"line":36,"column":33},"end":{"line":36,"column":52}},"line":36},"7":{"name":"(anonymous_7)","decl":{"start":{"line":43,"column":18},"end":{"line":43,"column":19}},"loc":{"start":{"line":43,"column":32},"end":{"line":50,"column":1}},"line":43},"8":{"name":"(anonymous_8)","decl":{"start":{"line":52,"column":27},"end":{"line":52,"column":28}},"loc":{"start":{"line":52,"column":41},"end":{"line":75,"column":1}},"line":52},"9":{"name":"(anonymous_9)","decl":{"start":{"line":76,"column":21},"end":{"line":76,"column":22}},"loc":{"start":{"line":76,"column":32},"end":{"line":97,"column":1}},"line":76},"10":{"name":"(anonymous_10)","decl":{"start":{"line":93,"column":25},"end":{"line":93,"column":26}},"loc":{"start":{"line":93,"column":41},"end":{"line":93,"column":69}},"line":93},"11":{"name":"(anonymous_11)","decl":{"start":{"line":98,"column":21},"end":{"line":98,"column":22}},"loc":{"start":{"line":98,"column":32},"end":{"line":104,"column":1}},"line":98},"12":{"name":"(anonymous_12)","decl":{"start":{"line":99,"column":35},"end":{"line":99,"column":36}},"loc":{"start":{"line":99,"column":40},"end":{"line":99,"column":57}},"line":99},"13":{"name":"(anonymous_13)","decl":{"start":{"line":105,"column":24},"end":{"line":105,"column":25}},"loc":{"start":{"line":105,"column":38},"end":{"line":111,"column":1}},"line":105},"14":{"name":"(anonymous_14)","decl":{"start":{"line":106,"column":38},"end":{"line":106,"column":39}},"loc":{"start":{"line":106,"column":43},"end":{"line":106,"column":66}},"line":106},"15":{"name":"(anonymous_15)","decl":{"start":{"line":112,"column":17},"end":{"line":112,"column":18}},"loc":{"start":{"line":112,"column":28},"end":{"line":115,"column":1}},"line":112},"16":{"name":"(anonymous_16)","decl":{"start":{"line":113,"column":32},"end":{"line":113,"column":33}},"loc":{"start":{"line":113,"column":37},"end":{"line":113,"column":41}},"line":113},"17":{"name":"(anonymous_17)","decl":{"start":{"line":116,"column":14},"end":{"line":116,"column":15}},"loc":{"start":{"line":116,"column":18},"end":{"line":118,"column":1}},"line":116}},"branchMap":{"0":{"loc":{"start":{"line":11,"column":4},"end":{"line":18,"column":5}},"type":"if","locations":[{"start":{"line":11,"column":4},"end":{"line":18,"column":5}},{"start":{"line":13,"column":11},"end":{"line":18,"column":5}}],"line":11},"1":{"loc":{"start":{"line":24,"column":4},"end":{"line":29,"column":5}},"type":"if","locations":[{"start":{"line":24,"column":4},"end":{"line":29,"column":5}},{"start":{"line":27,"column":11},"end":{"line":29,"column":5}}],"line":24},"2":{"loc":{"start":{"line":35,"column":4},"end":{"line":40,"column":5}},"type":"if","locations":[{"start":{"line":35,"column":4},"end":{"line":40,"column":5}},{"start":{"line":38,"column":11},"end":{"line":40,"column":5}}],"line":35},"3":{"loc":{"start":{"line":53,"column":4},"end":{"line":59,"column":5}},"type":"if","locations":[{"start":{"line":53,"column":4},"end":{"line":59,"column":5}},{"start":{"line":55,"column":11},"end":{"line":59,"column":5}}],"line":53},"4":{"loc":{"start":{"line":55,"column":11},"end":{"line":59,"column":5}},"type":"if","locations":[{"start":{"line":55,"column":11},"end":{"line":59,"column":5}},{"start":{},"end":{}}],"line":55},"5":{"loc":{"start":{"line":61,"column":4},"end":{"line":63,"column":5}},"type":"if","locations":[{"start":{"line":61,"column":4},"end":{"line":63,"column":5}},{"start":{},"end":{}}],"line":61},"6":{"loc":{"start":{"line":65,"column":4},"end":{"line":67,"column":5}},"type":"if","locations":[{"start":{"line":65,"column":4},"end":{"line":67,"column":5}},{"start":{},"end":{}}],"line":65},"7":{"loc":{"start":{"line":69,"column":4},"end":{"line":71,"column":5}},"type":"if","locations":[{"start":{"line":69,"column":4},"end":{"line":71,"column":5}},{"start":{},"end":{}}],"line":69},"8":{"loc":{"start":{"line":77,"column":4},"end":{"line":78,"column":21}},"type":"if","locations":[{"start":{"line":77,"column":4},"end":{"line":78,"column":21}},{"start":{},"end":{}}],"line":77},"9":{"loc":{"start":{"line":80,"column":4},"end":{"line":81,"column":21}},"type":"if","locations":[{"start":{"line":80,"column":4},"end":{"line":81,"column":21}},{"start":{},"end":{}}],"line":80},"10":{"loc":{"start":{"line":84,"column":4},"end":{"line":85,"column":21}},"type":"if","locations":[{"start":{"line":84,"column":4},"end":{"line":85,"column":21}},{"start":{},"end":{}}],"line":84},"11":{"loc":{"start":{"line":89,"column":4},"end":{"line":90,"column":21}},"type":"if","locations":[{"start":{"line":89,"column":4},"end":{"line":90,"column":21}},{"start":{},"end":{}}],"line":89},"12":{"loc":{"start":{"line":93,"column":4},"end":{"line":94,"column":21}},"type":"if","locations":[{"start":{"line":93,"column":4},"end":{"line":94,"column":21}},{"start":{},"end":{}}],"line":93},"13":{"loc":{"start":{"line":100,"column":4},"end":{"line":102,"column":5}},"type":"if","locations":[{"start":{"line":100,"column":4},"end":{"line":102,"column":5}},{"start":{},"end":{}}],"line":100},"14":{"loc":{"start":{"line":100,"column":8},"end":{"line":100,"column":43}},"type":"binary-expr","locations":[{"start":{"line":100,"column":8},"end":{"line":100,"column":18}},{"start":{"line":100,"column":22},"end":{"line":100,"column":43}}],"line":100},"15":{"loc":{"start":{"line":107,"column":4},"end":{"line":109,"column":5}},"type":"if","locations":[{"start":{"line":107,"column":4},"end":{"line":109,"column":5}},{"start":{},"end":{}}],"line":107},"16":{"loc":{"start":{"line":107,"column":8},"end":{"line":107,"column":49}},"type":"binary-expr","locations":[{"start":{"line":107,"column":8},"end":{"line":107,"column":21}},{"start":{"line":107,"column":25},"end":{"line":107,"column":49}}],"line":107}},"s":{"0":1,"1":1,"2":1,"3":1,"4":1,"5":6,"6":6,"7":6,"8":5,"9":1,"10":1,"11":1,"12":1,"13":1,"14":1,"15":1,"16":1,"17":2,"18":1,"19":1,"20":1,"21":0,"22":1,"23":1,"24":1,"25":2,"26":1,"27":1,"28":2,"29":1,"30":0,"31":1,"32":2,"33":2,"34":2,"35":2,"36":2,"37":2,"38":1,"39":6,"40":1,"41":5,"42":1,"43":1,"44":1,"45":4,"46":4,"47":1,"48":3,"49":3,"50":1,"51":2,"52":2,"53":1,"54":1,"55":1,"56":4,"57":0,"58":4,"59":0,"60":4,"61":4,"62":1,"63":3,"64":3,"65":0,"66":3,"67":3,"68":6,"69":0,"70":3,"71":1,"72":3,"73":3,"74":3,"75":1,"76":2,"77":1,"78":2,"79":2,"80":2,"81":1,"82":1,"83":1,"84":1,"85":1,"86":1,"87":1,"88":4,"89":1},"f":{"0":1,"1":6,"2":1,"3":2,"4":1,"5":2,"6":2,"7":2,"8":6,"9":4,"10":6,"11":3,"12":3,"13":2,"14":2,"15":1,"16":1,"17":4},"b":{"0":[5,1],"1":[1,0],"2":[1,0],"3":[1,5],"4":[1,4],"5":[1,3],"6":[1,2],"7":[1,1],"8":[0,4],"9":[0,4],"10":[1,3],"11":[0,3],"12":[0,3],"13":[1,2],"14":[3,3],"15":[1,1],"16":[2,2]},"_coverageSchema":"1a1c01bbd47fc00a2c39e90264f33305004495a9","hash":"16909123e8e9461828303f4ef5ae2e3ff983fc60"}
}
